#
# There is insufficient memory for the Java Runtime Environment to continue.
# Native memory allocation (malloc) failed to allocate 295856 bytes for Chunk::new
# Possible reasons:
#   The system is out of physical RAM or swap space
#   The process is running with CompressedOops enabled, and the Java Heap may be blocking the growth of the native heap
# Possible solutions:
#   Reduce memory load on the system
#   Increase physical memory or swap space
#   Check if swap backing store is full
#   Decrease Java heap size (-Xmx/-Xms)
#   Decrease number of Java threads
#   Decrease Java thread stack sizes (-Xss)
#   Set larger code cache with -XX:ReservedCodeCacheSize=
#   JVM is running with Unscaled Compressed Oops mode in which the Java heap is
#     placed in the first 4GB address space. The Java Heap base address is the
#     maximum limit for the native heap growth. Please use -XX:HeapBaseMinAddress
#     to set the Java Heap base and to place the Java Heap above 4GB virtual address.
# This output file may be truncated or incomplete.
#
#  Out of Memory Error (allocation.cpp:389), pid=10568, tid=0x000000000000251c
#
# JRE version: Java(TM) SE Runtime Environment (8.0_221-b11) (build 1.8.0_221-b11)
# Java VM: Java HotSpot(TM) 64-Bit Server VM (25.221-b11 mixed mode windows-amd64 compressed oops)
# Failed to write core dump. Minidumps are not enabled by default on client versions of Windows
#

---------------  T H R E A D  ---------------

Current thread (0x000000001c046000):  JavaThread "http-bio-80-exec-1" daemon [_thread_in_native, id=9500, stack(0x0000000020840000,0x0000000020940000)]

Stack: [0x0000000020840000,0x0000000020940000]
[error occurred during error reporting (printing stack bounds), id 0xc0000005]

Native frames: (J=compiled Java code, j=interpreted, Vv=VM code, C=native code)

Java frames: (J=compiled Java code, j=interpreted, Vv=VM code)
J 791  java.lang.Class.forName0(Ljava/lang/String;ZLjava/lang/ClassLoader;Ljava/lang/Class;)Ljava/lang/Class; (0 bytes) @ 0x000000000362fb87 [0x000000000362fb00+0x87]
J 823 C1 java.lang.Class.forName(Ljava/lang/String;ZLjava/lang/ClassLoader;)Ljava/lang/Class; (53 bytes) @ 0x0000000003648474 [0x0000000003647f60+0x514]
j  sun.nio.cs.AbstractCharsetProvider.lookup(Ljava/lang/String;)Ljava/nio/charset/Charset;+86
j  sun.nio.cs.AbstractCharsetProvider.access$000(Lsun/nio/cs/AbstractCharsetProvider;Ljava/lang/String;)Ljava/nio/charset/Charset;+2
j  sun.nio.cs.AbstractCharsetProvider$1.next()Ljava/nio/charset/Charset;+25
j  sun.nio.cs.AbstractCharsetProvider$1.next()Ljava/lang/Object;+1
j  java.nio.charset.Charset.put(Ljava/util/Iterator;Ljava/util/Map;)V+10
j  java.nio.charset.Charset.access$200(Ljava/util/Iterator;Ljava/util/Map;)V+2
j  java.nio.charset.Charset$3.run()Ljava/util/SortedMap;+34
j  java.nio.charset.Charset$3.run()Ljava/lang/Object;+1
v  ~StubRoutines::call_stub
J 755  java.security.AccessController.doPrivileged(Ljava/security/PrivilegedAction;)Ljava/lang/Object; (0 bytes) @ 0x0000000003624912 [0x00000000036248c0+0x52]
j  java.nio.charset.Charset.availableCharsets()Ljava/util/SortedMap;+7
j  org.apache.tomcat.util.buf.B2CConverter.<clinit>()V+27
v  ~StubRoutines::call_stub
j  org.apache.tomcat.util.buf.ByteChunk.<clinit>()V+0
v  ~StubRoutines::call_stub
j  org.apache.tomcat.util.buf.MessageBytes.<init>()V+20
j  org.apache.tomcat.util.buf.MessageBytes.<init>(Lorg/apache/tomcat/util/buf/MessageBytes$1;)V+1
j  org.apache.tomcat.util.buf.MessageBytes$MessageBytesFactory.newInstance()Lorg/apache/tomcat/util/buf/MessageBytes;+5
j  org.apache.tomcat.util.buf.MessageBytes.newInstance()Lorg/apache/tomcat/util/buf/MessageBytes;+3
j  org.apache.coyote.Request.<init>()V+10
j  org.apache.coyote.AbstractProcessor.<init>(Lorg/apache/tomcat/util/net/AbstractEndpoint;)V+26
j  org.apache.coyote.http11.AbstractHttp11Processor.<init>(Lorg/apache/tomcat/util/net/AbstractEndpoint;)V+2
j  org.apache.coyote.http11.Http11Processor.<init>(ILorg/apache/tomcat/util/net/JIoEndpoint;I)V+2
j  org.apache.coyote.http11.Http11Protocol$Http11ConnectionHandler.createProcessor()Lorg/apache/coyote/http11/Http11Processor;+28
j  org.apache.coyote.http11.Http11Protocol$Http11ConnectionHandler.createProcessor()Lorg/apache/coyote/Processor;+1
j  org.apache.coyote.AbstractProtocol$AbstractConnectionHandler.process(Lorg/apache/tomcat/util/net/SocketWrapper;Lorg/apache/tomcat/util/net/SocketStatus;)Lorg/apache/tomcat/util/net/AbstractEndpoint$Handler$SocketState;+52
j  org.apache.tomcat.util.net.JIoEndpoint$SocketProcessor.run()V+106
j  java.util.concurrent.ThreadPoolExecutor.runWorker(Ljava/util/concurrent/ThreadPoolExecutor$Worker;)V+95
j  java.util.concurrent.ThreadPoolExecutor$Worker.run()V+5
j  java.lang.Thread.run()V+11
v  ~StubRoutines::call_stub

---------------  P R O C E S S  ---------------

Java Threads: ( => current thread )
=>0x000000001c046000 JavaThread "http-bio-80-exec-1" daemon [_thread_in_native, id=9500, stack(0x0000000020840000,0x0000000020940000)]
  0x000000001c049000 JavaThread "http-bio-80-AsyncTimeout" daemon [_thread_blocked, id=2280, stack(0x000000001f770000,0x000000001f870000)]
  0x000000001c046800 JavaThread "http-bio-80-Acceptor-0" daemon [_thread_in_native, id=12948, stack(0x000000001f670000,0x000000001f770000)]
  0x000000001c049800 JavaThread "ContainerBackgroundProcessor[StandardEngine[Tomcat]]" daemon [_thread_blocked, id=8704, stack(0x000000001f570000,0x000000001f670000)]
  0x0000000019257800 JavaThread "Service Thread" daemon [_thread_blocked, id=11508, stack(0x0000000019b90000,0x0000000019c90000)]
  0x00000000191c0800 JavaThread "C1 CompilerThread2" daemon [_thread_blocked, id=1612, stack(0x0000000019a90000,0x0000000019b90000)]
  0x00000000191bf000 JavaThread "C2 CompilerThread1" daemon [_thread_blocked, id=7120, stack(0x0000000019990000,0x0000000019a90000)]
  0x00000000191bc000 JavaThread "C2 CompilerThread0" daemon [_thread_blocked, id=6228, stack(0x0000000019890000,0x0000000019990000)]
  0x00000000191b0800 JavaThread "Monitor Ctrl-Break" daemon [_thread_in_native, id=13148, stack(0x0000000019790000,0x0000000019890000)]
  0x0000000017e89000 JavaThread "Attach Listener" daemon [_thread_blocked, id=7888, stack(0x0000000019690000,0x0000000019790000)]
  0x0000000019198800 JavaThread "Signal Dispatcher" daemon [_thread_blocked, id=13376, stack(0x0000000019590000,0x0000000019690000)]
  0x000000000330b000 JavaThread "Finalizer" daemon [_thread_blocked, id=4068, stack(0x0000000019090000,0x0000000019190000)]
  0x0000000003302000 JavaThread "Reference Handler" daemon [_thread_blocked, id=10532, stack(0x0000000018f90000,0x0000000019090000)]
  0x0000000003212800 JavaThread "main" [_thread_blocked, id=4904, stack(0x0000000002b50000,0x0000000002c50000)]

Other Threads:
  0x0000000017df7800 VMThread [stack: 0x0000000018e90000,0x0000000018f90000] [id=5896]
  0x0000000019261800 WatcherThread [stack: 0x0000000019c90000,0x0000000019d90000] [id=14128]

VM state:not at safepoint (normal execution)

VM Mutex/Monitor currently owned by a thread: None

heap address: 0x0000000081e00000, size: 2018 MB, Compressed Oops mode: 32-bit
Narrow klass base: 0x0000000000000000, Narrow klass shift: 3
Compressed class space size: 1073741824 Address: 0x0000000100000000

Heap:
 PSYoungGen      total 216576K, used 158124K [0x00000000d5f80000, 0x00000000e5600000, 0x0000000100000000)
  eden space 200704K, 70% used [0x00000000d5f80000,0x00000000dea706d0,0x00000000e2380000)
  from space 15872K, 99% used [0x00000000e3700000,0x00000000e467aa00,0x00000000e4680000)
  to   space 19968K, 0% used [0x00000000e2380000,0x00000000e2380000,0x00000000e3700000)
 ParOldGen       total 65536K, used 23200K [0x0000000081e00000, 0x0000000085e00000, 0x00000000d5f80000)
  object space 65536K, 35% used [0x0000000081e00000,0x00000000834a8240,0x0000000085e00000)
 Metaspace       used 24819K, capacity 25406K, committed 25600K, reserved 1071104K
  class space    used 2903K, capacity 3065K, committed 3072K, reserved 1048576K

Card table byte_map: [0x00000000126d0000,0x0000000012ad0000] byte_map_base: 0x00000000122c1000

Marking Bits: (ParMarkBitMap*) 0x0000000061865ce0
 Begin Bits: [0x0000000013180000, 0x0000000015108000)
 End Bits:   [0x0000000015108000, 0x0000000017090000)

Polling page: 0x00000000009f0000

CodeCache: size=245760Kb used=12710Kb max_used=12936Kb free=233050Kb
 bounds [0x0000000003310000, 0x0000000004010000, 0x0000000012310000]
 total_blobs=4072 nmethods=3677 adapters=306
 compilation: enabled

Compilation events (10 events):
Event: 22.792 Thread 0x00000000191c0800 4239   !   3       java.util.ResourceBundle$Control::newBundle (232 bytes)
Event: 22.793 Thread 0x00000000191bf000 4241       4       sun.misc.URLClassPath::findResource (47 bytes)
Event: 22.796 Thread 0x00000000191c0800 nmethod 4239 0x00000000038862d0 code [0x0000000003886740, 0x00000000038892b8]
Event: 22.796 Thread 0x00000000191c0800 4240       3       java.util.ResourceBundle$Control::toBundleName (260 bytes)
Event: 22.797 Thread 0x00000000191bf000 nmethod 4241 0x0000000003548710 code [0x0000000003548880, 0x0000000003548ba8]
Event: 22.800 Thread 0x00000000191c0800 nmethod 4240 0x00000000039fca10 code [0x00000000039fd0e0, 0x0000000003a02348]
Event: 23.691 Thread 0x00000000191c0800 4242       3       java.lang.reflect.Constructor::acquireConstructorAccessor (44 bytes)
Event: 23.691 Thread 0x00000000191c0800 nmethod 4242 0x000000000353e490 code [0x000000000353e620, 0x000000000353ec78]
Event: 23.906 Thread 0x00000000191c0800 4243       3       java.nio.charset.Charset::checkName (165 bytes)
Event: 23.907 Thread 0x00000000191c0800 nmethod 4243 0x0000000003e90f10 code [0x0000000003e91120, 0x0000000003e91c18]

GC Heap History (10 events):
Event: 5.713 GC heap before
{Heap before GC invocations=5 (full 0):
 PSYoungGen      total 71680K, used 71672K [0x00000000d5f80000, 0x00000000daa80000, 0x0000000100000000)
  eden space 66560K, 100% used [0x00000000d5f80000,0x00000000da080000,0x00000000da080000)
  from space 5120K, 99% used [0x00000000da580000,0x00000000daa7e010,0x00000000daa80000)
  to   space 5120K, 0% used [0x00000000da080000,0x00000000da080000,0x00000000da580000)
 ParOldGen       total 87552K, used 7075K [0x0000000081e00000, 0x0000000087380000, 0x00000000d5f80000)
  object space 87552K, 8% used [0x0000000081e00000,0x00000000824e8e88,0x0000000087380000)
 Metaspace       used 18554K, capacity 19010K, committed 19328K, reserved 1067008K
  class space    used 2218K, capacity 2363K, committed 2432K, reserved 1048576K
Event: 5.741 GC heap after
Heap after GC invocations=5 (full 0):
 PSYoungGen      total 71680K, used 5096K [0x00000000d5f80000, 0x00000000df780000, 0x0000000100000000)
  eden space 66560K, 0% used [0x00000000d5f80000,0x00000000d5f80000,0x00000000da080000)
  from space 5120K, 99% used [0x00000000da080000,0x00000000da57a020,0x00000000da580000)
  to   space 11264K, 0% used [0x00000000dec80000,0x00000000dec80000,0x00000000df780000)
 ParOldGen       total 87552K, used 12220K [0x0000000081e00000, 0x0000000087380000, 0x00000000d5f80000)
  object space 87552K, 13% used [0x0000000081e00000,0x00000000829ef2d0,0x0000000087380000)
 Metaspace       used 18554K, capacity 19010K, committed 19328K, reserved 1067008K
  class space    used 2218K, capacity 2363K, committed 2432K, reserved 1048576K
}
Event: 6.056 GC heap before
{Heap before GC invocations=6 (full 0):
 PSYoungGen      total 71680K, used 17142K [0x00000000d5f80000, 0x00000000df780000, 0x0000000100000000)
  eden space 66560K, 18% used [0x00000000d5f80000,0x00000000d6b43b20,0x00000000da080000)
  from space 5120K, 99% used [0x00000000da080000,0x00000000da57a020,0x00000000da580000)
  to   space 11264K, 0% used [0x00000000dec80000,0x00000000dec80000,0x00000000df780000)
 ParOldGen       total 87552K, used 12220K [0x0000000081e00000, 0x0000000087380000, 0x00000000d5f80000)
  object space 87552K, 13% used [0x0000000081e00000,0x00000000829ef2d0,0x0000000087380000)
 Metaspace       used 20691K, capacity 21090K, committed 21296K, reserved 1069056K
  class space    used 2458K, capacity 2587K, committed 2688K, reserved 1048576K
Event: 6.069 GC heap after
Heap after GC invocations=6 (full 0):
 PSYoungGen      total 143360K, used 6727K [0x00000000d5f80000, 0x00000000df680000, 0x0000000100000000)
  eden space 133120K, 0% used [0x00000000d5f80000,0x00000000d5f80000,0x00000000de180000)
  from space 10240K, 65% used [0x00000000dec80000,0x00000000df311cf0,0x00000000df680000)
  to   space 10752K, 0% used [0x00000000de180000,0x00000000de180000,0x00000000dec00000)
 ParOldGen       total 87552K, used 12228K [0x0000000081e00000, 0x0000000087380000, 0x00000000d5f80000)
  object space 87552K, 13% used [0x0000000081e00000,0x00000000829f12d0,0x0000000087380000)
 Metaspace       used 20691K, capacity 21090K, committed 21296K, reserved 1069056K
  class space    used 2458K, capacity 2587K, committed 2688K, reserved 1048576K
}
Event: 6.069 GC heap before
{Heap before GC invocations=7 (full 1):
 PSYoungGen      total 143360K, used 6727K [0x00000000d5f80000, 0x00000000df680000, 0x0000000100000000)
  eden space 133120K, 0% used [0x00000000d5f80000,0x00000000d5f80000,0x00000000de180000)
  from space 10240K, 65% used [0x00000000dec80000,0x00000000df311cf0,0x00000000df680000)
  to   space 10752K, 0% used [0x00000000de180000,0x00000000de180000,0x00000000dec00000)
 ParOldGen       total 87552K, used 12228K [0x0000000081e00000, 0x0000000087380000, 0x00000000d5f80000)
  object space 87552K, 13% used [0x0000000081e00000,0x00000000829f12d0,0x0000000087380000)
 Metaspace       used 20691K, capacity 21090K, committed 21296K, reserved 1069056K
  class space    used 2458K, capacity 2587K, committed 2688K, reserved 1048576K
Event: 6.156 GC heap after
Heap after GC invocations=7 (full 1):
 PSYoungGen      total 143360K, used 0K [0x00000000d5f80000, 0x00000000df680000, 0x0000000100000000)
  eden space 133120K, 0% used [0x00000000d5f80000,0x00000000d5f80000,0x00000000de180000)
  from space 10240K, 0% used [0x00000000dec80000,0x00000000dec80000,0x00000000df680000)
  to   space 10752K, 0% used [0x00000000de180000,0x00000000de180000,0x00000000dec00000)
 ParOldGen       total 65536K, used 11445K [0x0000000081e00000, 0x0000000085e00000, 0x00000000d5f80000)
  object space 65536K, 17% used [0x0000000081e00000,0x000000008292d6f0,0x0000000085e00000)
 Metaspace       used 20691K, capacity 21090K, committed 21296K, reserved 1069056K
  class space    used 2458K, capacity 2587K, committed 2688K, reserved 1048576K
}
Event: 7.797 GC heap before
{Heap before GC invocations=8 (full 1):
 PSYoungGen      total 143360K, used 133120K [0x00000000d5f80000, 0x00000000df680000, 0x0000000100000000)
  eden space 133120K, 100% used [0x00000000d5f80000,0x00000000de180000,0x00000000de180000)
  from space 10240K, 0% used [0x00000000dec80000,0x00000000dec80000,0x00000000df680000)
  to   space 10752K, 0% used [0x00000000de180000,0x00000000de180000,0x00000000dec00000)
 ParOldGen       total 65536K, used 11445K [0x0000000081e00000, 0x0000000085e00000, 0x00000000d5f80000)
  object space 65536K, 17% used [0x0000000081e00000,0x000000008292d6f0,0x0000000085e00000)
 Metaspace       used 23448K, capacity 23936K, committed 24192K, reserved 1071104K
  class space    used 2755K, capacity 2896K, committed 2944K, reserved 1048576K
Event: 7.818 GC heap after
Heap after GC invocations=8 (full 1):
 PSYoungGen      total 143872K, used 10728K [0x00000000d5f80000, 0x00000000e4680000, 0x0000000100000000)
  eden space 133120K, 0% used [0x00000000d5f80000,0x00000000d5f80000,0x00000000de180000)
  from space 10752K, 99% used [0x00000000de180000,0x00000000debfa338,0x00000000dec00000)
  to   space 15872K, 0% used [0x00000000e3700000,0x00000000e3700000,0x00000000e4680000)
 ParOldGen       total 65536K, used 18873K [0x0000000081e00000, 0x0000000085e00000, 0x00000000d5f80000)
  object space 65536K, 28% used [0x0000000081e00000,0x000000008306e778,0x0000000085e00000)
 Metaspace       used 23448K, capacity 23936K, committed 24192K, reserved 1071104K
  class space    used 2755K, capacity 2896K, committed 2944K, reserved 1048576K
}
Event: 8.455 GC heap before
{Heap before GC invocations=9 (full 1):
 PSYoungGen      total 143872K, used 143848K [0x00000000d5f80000, 0x00000000e4680000, 0x0000000100000000)
  eden space 133120K, 100% used [0x00000000d5f80000,0x00000000de180000,0x00000000de180000)
  from space 10752K, 99% used [0x00000000de180000,0x00000000debfa338,0x00000000dec00000)
  to   space 15872K, 0% used [0x00000000e3700000,0x00000000e3700000,0x00000000e4680000)
 ParOldGen       total 65536K, used 18873K [0x0000000081e00000, 0x0000000085e00000, 0x00000000d5f80000)
  object space 65536K, 28% used [0x0000000081e00000,0x000000008306e778,0x0000000085e00000)
 Metaspace       used 23454K, capacity 23936K, committed 24192K, reserved 1071104K
  class space    used 2756K, capacity 2896K, committed 2944K, reserved 1048576K
Event: 8.477 GC heap after
Heap after GC invocations=9 (full 1):
 PSYoungGen      total 216576K, used 15850K [0x00000000d5f80000, 0x00000000e5600000, 0x0000000100000000)
  eden space 200704K, 0% used [0x00000000d5f80000,0x00000000d5f80000,0x00000000e2380000)
  from space 15872K, 99% used [0x00000000e3700000,0x00000000e467aa00,0x00000000e4680000)
  to   space 19968K, 0% used [0x00000000e2380000,0x00000000e2380000,0x00000000e3700000)
 ParOldGen       total 65536K, used 23200K [0x0000000081e00000, 0x0000000085e00000, 0x00000000d5f80000)
  object space 65536K, 35% used [0x0000000081e00000,0x00000000834a8240,0x0000000085e00000)
 Metaspace       used 23454K, capacity 23936K, committed 24192K, reserved 1071104K
  class space    used 2756K, capacity 2896K, committed 2944K, reserved 1048576K
}

Deoptimization events (10 events):
Event: 9.099 Thread 0x000000001c043000 Uncommon trap: reason=class_check action=maybe_recompile pc=0x0000000003fe081c method=java.net.URLClassLoader.defineClass(Ljava/lang/String;Lsun/misc/Resource;)Ljava/lang/Class; @ 13
Event: 9.109 Thread 0x000000001c043000 Uncommon trap: reason=unstable_if action=reinterpret pc=0x0000000003649020 method=java.util.jar.JarFile.maybeInstantiateVerifier()V @ 4
Event: 9.135 Thread 0x000000001c043000 Uncommon trap: reason=unstable_if action=reinterpret pc=0x0000000003c75b9c method=java.util.StringTokenizer.setMaxDelimCodePoint()V @ 71
Event: 9.136 Thread 0x000000001c043000 Uncommon trap: reason=unstable_if action=reinterpret pc=0x0000000003c6aa70 method=java.util.StringTokenizer.setMaxDelimCodePoint()V @ 71
Event: 9.136 Thread 0x000000001c043000 Uncommon trap: reason=unstable_if action=reinterpret pc=0x0000000003a45214 method=java.util.zip.InflaterInputStream.read([BII)I @ 41
Event: 9.249 Thread 0x000000001c043000 Uncommon trap: reason=unstable_if action=reinterpret pc=0x000000000344e4e0 method=com.sun.org.apache.xerces.internal.utils.XMLSecurityManager.isOverLimit(ILcom/sun/org/apache/xerces/internal/utils/XMLLimitAnalyzer;)Z @ 28
Event: 9.257 Thread 0x000000001c043000 Uncommon trap: reason=speculate_class_check action=maybe_recompile pc=0x0000000003adc000 method=java.nio.charset.CharsetDecoder.reset()Ljava/nio/charset/CharsetDecoder; @ 1
Event: 9.270 Thread 0x000000001c043000 Uncommon trap: reason=speculate_class_check action=maybe_recompile pc=0x0000000003adc000 method=java.nio.charset.CharsetDecoder.reset()Ljava/nio/charset/CharsetDecoder; @ 1
Event: 9.289 Thread 0x000000001c043000 Uncommon trap: reason=speculate_class_check action=maybe_recompile pc=0x0000000003adc000 method=java.nio.charset.CharsetDecoder.reset()Ljava/nio/charset/CharsetDecoder; @ 1
Event: 9.415 Thread 0x000000001c043000 Uncommon trap: reason=unstable_if action=reinterpret pc=0x000000000388bb78 method=com.sun.org.apache.xerces.internal.impl.XMLEntityScanner.scanContent(Lcom/sun/org/apache/xerces/internal/xni/XMLString;)I @ 418

Classes redefined (0 events):
No events

Internal exceptions (10 events):
Event: 2.161 Thread 0x0000000003212800 Implicit null exception at 0x00000000034cfb9b to 0x00000000034cfd45
Event: 2.466 Thread 0x0000000003212800 Implicit null exception at 0x00000000035da6d5 to 0x00000000035da8ad
Event: 2.466 Thread 0x0000000003212800 Implicit null exception at 0x0000000003686c2f to 0x0000000003686c99
Event: 2.521 Thread 0x0000000003212800 Implicit null exception at 0x00000000037777bb to 0x0000000003777d89
Event: 2.548 Thread 0x0000000003212800 Implicit null exception at 0x0000000003931ee1 to 0x000000000393304d
Event: 4.051 Thread 0x0000000003212800 Implicit null exception at 0x0000000003c5d617 to 0x0000000003c5e911
Event: 4.974 Thread 0x0000000003212800 Exception <a 'java/io/FileNotFoundException'> (0x00000000d9d4adc0) thrown at [C:\re\workspace\8-2-build-windows-amd64-cygwin\jdk8u221\13320\hotspot\src\share\vm\prims\jni.cpp, line 710]
Event: 6.591 Thread 0x000000001c043000 Implicit null exception at 0x0000000003653a16 to 0x0000000003653db1
Event: 6.591 Thread 0x000000001c043000 Implicit null exception at 0x0000000003548696 to 0x0000000003548a2d
Event: 9.663 Thread 0x000000001c043000 Exception <a 'java/io/FileNotFoundException'> (0x00000000ddfe9248) thrown at [C:\re\workspace\8-2-build-windows-amd64-cygwin\jdk8u221\13320\hotspot\src\share\vm\prims\jni.cpp, line 710]

Events (10 events):
Event: 23.694 loading class sun/nio/cs/AbstractCharsetProvider$1 done
Event: 23.694 loading class sun/nio/cs/ext/Big5
Event: 23.801 loading class sun/nio/cs/ext/Big5 done
Event: 23.801 loading class sun/nio/cs/ext/Big5_HKSCS
Event: 23.906 loading class sun/nio/cs/ext/Big5_HKSCS done
Event: 23.906 loading class sun/nio/cs/ext/EUC_JP
Event: 24.191 loading class sun/nio/cs/ext/EUC_JP done
Event: 24.191 loading class sun/nio/cs/ext/EUC_KR
Event: 24.192 loading class sun/nio/cs/ext/EUC_KR done
Event: 24.192 loading class sun/nio/cs/ext/GB18030


Dynamic libraries:
0x00007ff7eec90000 - 0x00007ff7eecc7000 	D:\java_jdk1.8\Java\jdk1.8.0_221\bin\java.exe
0x00007ffd48fd0000 - 0x00007ffd491bd000 	C:\WINDOWS\SYSTEM32\ntdll.dll
0x00007ffd48060000 - 0x00007ffd48113000 	C:\WINDOWS\System32\KERNEL32.DLL
0x00007ffd45140000 - 0x00007ffd453d3000 	C:\WINDOWS\System32\KERNELBASE.dll
0x00007ffd486f0000 - 0x00007ffd48793000 	C:\WINDOWS\System32\ADVAPI32.dll
0x00007ffd46260000 - 0x00007ffd462fe000 	C:\WINDOWS\System32\msvcrt.dll
0x00007ffd48f00000 - 0x00007ffd48f9e000 	C:\WINDOWS\System32\sechost.dll
0x00007ffd485c0000 - 0x00007ffd486e2000 	C:\WINDOWS\System32\RPCRT4.dll
0x00007ffd483a0000 - 0x00007ffd48537000 	C:\WINDOWS\System32\USER32.dll
0x00007ffd458d0000 - 0x00007ffd458f0000 	C:\WINDOWS\System32\win32u.dll
0x00007ffd461f0000 - 0x00007ffd46219000 	C:\WINDOWS\System32\GDI32.dll
0x00007ffd45610000 - 0x00007ffd457a9000 	C:\WINDOWS\System32\gdi32full.dll
0x00007ffd458f0000 - 0x00007ffd45990000 	C:\WINDOWS\System32\msvcp_win.dll
0x00007ffd457b0000 - 0x00007ffd458aa000 	C:\WINDOWS\System32\ucrtbase.dll
0x00007ffd2f970000 - 0x00007ffd2fbe9000 	C:\WINDOWS\WinSxS\amd64_microsoft.windows.common-controls_6595b64144ccf1df_6.0.17763.802_none_05b1445c0722d2cc\COMCTL32.dll
0x00007ffd48880000 - 0x00007ffd48bac000 	C:\WINDOWS\System32\combase.dll
0x00007ffd450c0000 - 0x00007ffd4513e000 	C:\WINDOWS\System32\bcryptPrimitives.dll
0x00007ffd46230000 - 0x00007ffd4625e000 	C:\WINDOWS\System32\IMM32.DLL
0x00007ffd44f50000 - 0x00007ffd44fbe000 	C:\WINDOWS\System32\dtrampo.dll
0x0000000062b40000 - 0x0000000062c12000 	D:\java_jdk1.8\Java\jdk1.8.0_221\jre\bin\msvcr100.dll
0x0000000061040000 - 0x00000000618e5000 	D:\java_jdk1.8\Java\jdk1.8.0_221\jre\bin\server\jvm.dll
0x00007ffd48cc0000 - 0x00007ffd48cc8000 	C:\WINDOWS\System32\PSAPI.DLL
0x00007ffd31310000 - 0x00007ffd31319000 	C:\WINDOWS\SYSTEM32\WSOCK32.dll
0x00007ffd48120000 - 0x00007ffd4818d000 	C:\WINDOWS\System32\WS2_32.dll
0x00007ffd41a90000 - 0x00007ffd41ab4000 	C:\WINDOWS\SYSTEM32\WINMM.dll
0x00007ffd37620000 - 0x00007ffd3762a000 	C:\WINDOWS\SYSTEM32\VERSION.dll
0x00007ffd41550000 - 0x00007ffd4157d000 	C:\WINDOWS\SYSTEM32\WINMMBASE.dll
0x00007ffd455c0000 - 0x00007ffd4560a000 	C:\WINDOWS\System32\cfgmgr32.dll
0x00007ffd37a70000 - 0x00007ffd37a7f000 	D:\java_jdk1.8\Java\jdk1.8.0_221\jre\bin\verify.dll
0x00007ffd34ee0000 - 0x00007ffd34f09000 	D:\java_jdk1.8\Java\jdk1.8.0_221\jre\bin\java.dll
0x00007ffd39480000 - 0x00007ffd394a3000 	D:\java_jdk1.8\Java\jdk1.8.0_221\jre\bin\instrument.dll
0x00007ffd36e60000 - 0x00007ffd36e76000 	D:\java_jdk1.8\Java\jdk1.8.0_221\jre\bin\zip.dll
0x00007ffd46960000 - 0x00007ffd47e54000 	C:\WINDOWS\System32\SHELL32.dll
0x00007ffd48c10000 - 0x00007ffd48cb8000 	C:\WINDOWS\System32\shcore.dll
0x00007ffd45aa0000 - 0x00007ffd461ed000 	C:\WINDOWS\System32\windows.storage.dll
0x00007ffd44fe0000 - 0x00007ffd45004000 	C:\WINDOWS\System32\profapi.dll
0x00007ffd45010000 - 0x00007ffd4506d000 	C:\WINDOWS\System32\powrprof.dll
0x00007ffd48bb0000 - 0x00007ffd48c02000 	C:\WINDOWS\System32\shlwapi.dll
0x00007ffd44fc0000 - 0x00007ffd44fd1000 	C:\WINDOWS\System32\kernel.appcore.dll
0x00007ffd458b0000 - 0x00007ffd458c7000 	C:\WINDOWS\System32\cryptsp.dll
0x00007ffd396f0000 - 0x00007ffd3970a000 	D:\IDEA\IntelliJ IDEA 2019.1.1\bin\breakgen64.dll
0x00007ffd35890000 - 0x00007ffd358aa000 	D:\java_jdk1.8\Java\jdk1.8.0_221\jre\bin\net.dll
0x00007ffd37ce0000 - 0x00007ffd37eb7000 	C:\WINDOWS\SYSTEM32\urlmon.dll
0x00007ffd380f0000 - 0x00007ffd38398000 	C:\WINDOWS\SYSTEM32\iertutil.dll
0x00007ffd44930000 - 0x00007ffd4493c000 	C:\WINDOWS\SYSTEM32\CRYPTBASE.DLL
0x00007ffd44760000 - 0x00007ffd447c7000 	C:\WINDOWS\system32\mswsock.dll
0x00007ffd327e0000 - 0x00007ffd327f2000 	D:\java_jdk1.8\Java\jdk1.8.0_221\jre\bin\nio.dll
0x00007ffd442e0000 - 0x00007ffd44313000 	C:\WINDOWS\system32\rsaenh.dll
0x0000000002cb0000 - 0x0000000002cd6000 	C:\WINDOWS\System32\bcrypt.dll
0x00007ffd44e80000 - 0x00007ffd44ea8000 	C:\WINDOWS\SYSTEM32\USERENV.dll
0x00007ffd44480000 - 0x00007ffd444bd000 	C:\WINDOWS\SYSTEM32\IPHLPAPI.DLL
0x00007ffd46220000 - 0x00007ffd46228000 	C:\WINDOWS\System32\NSI.dll
0x00007ffd3fb40000 - 0x00007ffd3fb56000 	C:\WINDOWS\SYSTEM32\dhcpcsvc6.DLL
0x00007ffd3f830000 - 0x00007ffd3f84c000 	C:\WINDOWS\SYSTEM32\dhcpcsvc.DLL
0x00007ffd44500000 - 0x00007ffd445c6000 	C:\WINDOWS\SYSTEM32\DNSAPI.dll
0x00007ffd429f0000 - 0x00007ffd429fd000 	D:\java_jdk1.8\Java\jdk1.8.0_221\jre\bin\management.dll

VM Arguments:
jvm_args: -Dmaven.multiModuleProjectDirectory=D:\IDEA\ProjectDirectory\newsWeb -Dmaven.home=D:\IDEA\IntelliJ IDEA 2019.1.1\plugins\maven\lib\maven3 -Dclassworlds.conf=D:\IDEA\IntelliJ IDEA 2019.1.1\plugins\maven\lib\maven3\bin\m2.conf -javaagent:D:\IDEA\IntelliJ IDEA 2019.1.1\lib\idea_rt.jar=56343:D:\IDEA\IntelliJ IDEA 2019.1.1\bin -Dfile.encoding=UTF-8 
java_command: org.codehaus.classworlds.Launcher -Didea.version2019.1.1 -s D:\apache-maven-3.5.2-bin\apache-maven-3.5.2\conf\settings.xml tomcat7:run
java_class_path (initial): D:\IDEA\IntelliJ IDEA 2019.1.1\plugins\maven\lib\maven3\boot\plexus-classworlds-2.5.2.jar;D:\IDEA\IntelliJ IDEA 2019.1.1\lib\idea_rt.jar
Launcher Type: SUN_STANDARD

Environment Variables:
JAVA_HOME=D:\java_jdk1.8\Java\jdk1.8.0_221
CLASSPATH=.;D:\java_jdk1.8\Java\jdk1.8.0_221\lib;D:\java_jdk1.8\Java\jdk1.8.0_221\lib\tools.jar.;D:\apache-tomcat-9.0.20\lib\servlet-api.jar
PATH=C:\WINDOWS\system32;C:\WINDOWS;C:\WINDOWS\System32\Wbem;C:\WINDOWS\System32\WindowsPowerShell\v1.0\;C:\Program Files\IDM Computer Solutions\UltraEdit;D:\java_jdk1.8\Java\jdk1.8.0_221\bin;D:\java_jdk1.8\Java\jdk1.8.0_221\jre\bin;%CATALINA_HOME%\lib;%CATALINA_HOME%\bin;D:\mysql-5.0.96\bin;D:\apache-maven-3.5.2-bin\apache-maven-3.5.2\bin;C:\Users\余海浪\AppData\Local\Microsoft\WindowsApps;
USERNAME=余海浪
OS=Windows_NT
PROCESSOR_IDENTIFIER=Intel64 Family 6 Model 78 Stepping 3, GenuineIntel



---------------  S Y S T E M  ---------------

OS: Windows 10.0 , 64 bit Build 17763 (10.0.17763.475)

CPU:total 4 (initial active 4) (2 cores per cpu, 2 threads per core) family 6 model 78 stepping 3, cmov, cx8, fxsr, mmx, sse, sse2, sse3, ssse3, sse4.1, sse4.2, popcnt, avx, avx2, aes, clmul, erms, 3dnowpref, lzcnt, ht, tsc, tscinvbit, bmi1, bmi2, adx

Memory: 4k page, physical 8259336k(602580k free), swap 23681760k(0k free)

vm_info: Java HotSpot(TM) 64-Bit Server VM (25.221-b11) for windows-amd64 JRE (1.8.0_221-b11), built on Jul  4 2019 04:39:29 by "java_re" with MS VC++ 10.0 (VS2010)

time: Wed Oct 23 10:39:14 2019
timezone: 中国标准时间
elapsed time: 24 seconds (0d 0h 0m 24s)

